{
  "stats": {
    "suites": 1,
    "tests": 1,
    "passes": 1,
    "pending": 0,
    "failures": 0,
    "start": "2019-05-21T09:58:46.084Z",
    "end": "2019-05-21T09:58:46.100Z",
    "duration": 16,
    "testsRegistered": 1,
    "passPercent": 100,
    "pendingPercent": 0,
    "other": 0,
    "hasOther": false,
    "skipped": 0,
    "hasSkipped": false,
    "passPercentClass": "success",
    "pendingPercentClass": "danger"
  },
  "suites": {
    "uuid": "7e960560-61ce-4004-9b5d-6b99977ce1ca",
    "title": "",
    "fullFile": "",
    "file": "",
    "beforeHooks": [],
    "afterHooks": [],
    "tests": [],
    "suites": [
      {
        "uuid": "594f78c3-3d06-4771-abc9-5be53eb4832e",
        "title": "接口测试",
        "fullFile": "C:\\Users\\Admin\\Desktop\\新建文件夹\\Metamorphosis-\\javascript\\measurement\\QA-test\\tests\\service\\router.spec.js",
        "file": "\\tests\\service\\router.spec.js",
        "beforeHooks": [],
        "afterHooks": [],
        "tests": [
          {
            "title": "test接口测试",
            "fullTitle": "接口测试 test接口测试",
            "timedOut": false,
            "duration": 0,
            "state": "passed",
            "speed": "fast",
            "pass": true,
            "fail": false,
            "pending": false,
            "code": "axios.get(\"http://192.168.1.135:8092/api/v1/admin/myentaccount\")\n.then(function(res){\n    if(res.status == 20000){\n        done()\n    }else{\n        done(new Error('请求出错'))\n    }\n})\n.catch(function(){\n    done(new Error('请求出错'))\n})",
            "err": {},
            "isRoot": false,
            "uuid": "1a5ae34e-de4c-427e-92b5-750ba79c4a7f",
            "isHook": false,
            "skipped": false
          }
        ],
        "suites": [],
        "passes": [
          "1a5ae34e-de4c-427e-92b5-750ba79c4a7f"
        ],
        "failures": [],
        "pending": [],
        "skipped": [],
        "duration": 0,
        "root": false,
        "rootEmpty": false,
        "_timeout": 2000
      }
    ],
    "passes": [],
    "failures": [],
    "pending": [],
    "skipped": [],
    "duration": 0,
    "root": true,
    "rootEmpty": true,
    "_timeout": 2000
  },
  "copyrightYear": 2019
}